# JRE version: OpenJDK Runtime Environment (8.0_212-b04) (build 1.8.0_212-release-1586-b04)
# Java VM: OpenJDK 64-Bit Server VM (25.212-b04 mixed mode windows-amd64 compressed oops)
Heap:
 PSYoungGen      total 240640K, used 184713K [0x00000000e0000000, 0x00000000f6b00000, 0x0000000100000000)
  eden space 215552K, 74% used [0x00000000e0000000,0x00000000e9c49448,0x00000000ed280000)
  from space 25088K, 98% used [0x00000000ed280000,0x00000000eea99258,0x00000000eeb00000)
  to   space 66048K, 0% used [0x00000000f2a80000,0x00000000f2a80000,0x00000000f6b00000)
 ParOldGen       total 130560K, used 55908K [0x00000000a0000000, 0x00000000a7f80000, 0x00000000e0000000)
  object space 130560K, 42% used [0x00000000a0000000,0x00000000a3699290,0x00000000a7f80000)
 Metaspace       used 92331K, capacity 96226K, committed 97176K, reserved 1132544K
  class space    used 12215K, capacity 13100K, committed 13216K, reserved 1048576K
GC Heap History (10 events):
Event: 14.073 GC heap before
{Heap before GC invocations=18 (full 3):
 PSYoungGen      total 236032K, used 236019K [0x00000000e0000000, 0x00000000f0700000, 0x0000000100000000)
  eden space 215552K, 100% used [0x00000000e0000000,0x00000000ed280000,0x00000000ed280000)
  from space 20480K, 99% used [0x00000000eeb00000,0x00000000efefcd40,0x00000000eff00000)
  to   space 25088K, 0% used [0x00000000ed280000,0x00000000ed280000,0x00000000eeb00000)
 ParOldGen       total 130560K, used 34974K [0x00000000a0000000, 0x00000000a7f80000, 0x00000000e0000000)
  object space 130560K, 26% used [0x00000000a0000000,0x00000000a2227ba0,0x00000000a7f80000)
 Metaspace       used 75178K, capacity 79544K, committed 79768K, reserved 1118208K
  class space    used 10198K, capacity 11051K, committed 11168K, reserved 1048576K
Event: 14.105 GC heap after
Heap after GC invocations=18 (full 3):
 PSYoungGen      total 240640K, used 25056K [0x00000000e0000000, 0x00000000f4080000, 0x0000000100000000)
  eden space 215552K, 0% used [0x00000000e0000000,0x00000000e0000000,0x00000000ed280000)
  from space 25088K, 99% used [0x00000000ed280000,0x00000000eeaf8348,0x00000000eeb00000)
  to   space 37376K, 0% used [0x00000000f1c00000,0x00000000f1c00000,0x00000000f4080000)
 ParOldGen       total 130560K, used 58185K [0x00000000a0000000, 0x00000000a7f80000, 0x00000000e0000000)
  object space 130560K, 44% used [0x00000000a0000000,0x00000000a38d26f0,0x00000000a7f80000)
 Metaspace       used 75178K, capacity 79544K, committed 79768K, reserved 1118208K
  class space    used 10198K, capacity 11051K, committed 11168K, reserved 1048576K
}
Event: 16.311 GC heap before
{Heap before GC invocations=19 (full 3):
 PSYoungGen      total 240640K, used 240608K [0x00000000e0000000, 0x00000000f4080000, 0x0000000100000000)
  eden space 215552K, 100% used [0x00000000e0000000,0x00000000ed280000,0x00000000ed280000)
  from space 25088K, 99% used [0x00000000ed280000,0x00000000eeaf8348,0x00000000eeb00000)
  to   space 37376K, 0% used [0x00000000f1c00000,0x00000000f1c00000,0x00000000f4080000)
 ParOldGen       total 130560K, used 58185K [0x00000000a0000000, 0x00000000a7f80000, 0x00000000e0000000)
  object space 130560K, 44% used [0x00000000a0000000,0x00000000a38d26f0,0x00000000a7f80000)
 Metaspace       used 84400K, capacity 88830K, committed 89240K, reserved 1126400K
  class space    used 11251K, capacity 12142K, committed 12192K, reserved 1048576K
Event: 16.391 GC heap after
Heap after GC invocations=19 (full 3):
 PSYoungGen      total 252928K, used 37351K [0x00000000e0000000, 0x00000000f4080000, 0x0000000100000000)
  eden space 215552K, 0% used [0x00000000e0000000,0x00000000e0000000,0x00000000ed280000)
  from space 37376K, 99% used [0x00000000f1c00000,0x00000000f4079c60,0x00000000f4080000)
  to   space 25088K, 0% used [0x00000000ed280000,0x00000000ed280000,0x00000000eeb00000)
 ParOldGen       total 130560K, used 130558K [0x00000000a0000000, 0x00000000a7f80000, 0x00000000e0000000)
  object space 130560K, 99% used [0x00000000a0000000,0x00000000a7f7f908,0x00000000a7f80000)
 Metaspace       used 84400K, capacity 88830K, committed 89240K, reserved 1126400K
  class space    used 11251K, capacity 12142K, committed 12192K, reserved 1048576K
}
Event: 16.391 GC heap before
{Heap before GC invocations=20 (full 4):
 PSYoungGen      total 252928K, used 37351K [0x00000000e0000000, 0x00000000f4080000, 0x0000000100000000)
  eden space 215552K, 0% used [0x00000000e0000000,0x00000000e0000000,0x00000000ed280000)
  from space 37376K, 99% used [0x00000000f1c00000,0x00000000f4079c60,0x00000000f4080000)
  to   space 25088K, 0% used [0x00000000ed280000,0x00000000ed280000,0x00000000eeb00000)
 ParOldGen       total 130560K, used 130558K [0x00000000a0000000, 0x00000000a7f80000, 0x00000000e0000000)
  object space 130560K, 99% used [0x00000000a0000000,0x00000000a7f7f908,0x00000000a7f80000)
 Metaspace       used 84400K, capacity 88830K, committed 89240K, reserved 1126400K
  class space    used 11251K, capacity 12142K, committed 12192K, reserved 1048576K
Event: 16.818 GC heap after
Heap after GC invocations=20 (full 4):
 PSYoungGen      total 252928K, used 21320K [0x00000000e0000000, 0x00000000f4080000, 0x0000000100000000)
  eden space 215552K, 0% used [0x00000000e0000000,0x00000000e0000000,0x00000000ed280000)
  from space 37376K, 57% used [0x00000000f1c00000,0x00000000f30d21a0,0x00000000f4080000)
  to   space 25088K, 0% used [0x00000000ed280000,0x00000000ed280000,0x00000000eeb00000)
 ParOldGen       total 130560K, used 130521K [0x00000000a0000000, 0x00000000a7f80000, 0x00000000e0000000)
  object space 130560K, 99% used [0x00000000a0000000,0x00000000a7f766f0,0x00000000a7f80000)
 Metaspace       used 83651K, capacity 86688K, committed 89240K, reserved 1126400K
  class space    used 11007K, capacity 11711K, committed 12192K, reserved 1048576K
}
Event: 18.551 GC heap before
{Heap before GC invocations=21 (full 5):
 PSYoungGen      total 252928K, used 236872K [0x00000000e0000000, 0x00000000f4080000, 0x0000000100000000)
  eden space 215552K, 100% used [0x00000000e0000000,0x00000000ed280000,0x00000000ed280000)
  from space 37376K, 57% used [0x00000000f1c00000,0x00000000f30d21a0,0x00000000f4080000)
  to   space 25088K, 0% used [0x00000000ed280000,0x00000000ed280000,0x00000000eeb00000)
 ParOldGen       total 130560K, used 130521K [0x00000000a0000000, 0x00000000a7f80000, 0x00000000e0000000)
  object space 130560K, 99% used [0x00000000a0000000,0x00000000a7f766f0,0x00000000a7f80000)
 Metaspace       used 85609K, capacity 88748K, committed 91160K, reserved 1128448K
  class space    used 11180K, capacity 11907K, committed 12320K, reserved 1048576K
Event: 18.643 GC heap after
Heap after GC invocations=21 (full 5):
 PSYoungGen      total 252928K, used 0K [0x00000000e0000000, 0x00000000f4080000, 0x0000000100000000)
  eden space 215552K, 0% used [0x00000000e0000000,0x00000000e0000000,0x00000000ed280000)
  from space 37376K, 0% used [0x00000000f1c00000,0x00000000f1c00000,0x00000000f4080000)
  to   space 25088K, 0% used [0x00000000ed280000,0x00000000ed280000,0x00000000eeb00000)
 ParOldGen       total 130560K, used 55900K [0x00000000a0000000, 0x00000000a7f80000, 0x00000000e0000000)
  object space 130560K, 42% used [0x00000000a0000000,0x00000000a3697290,0x00000000a7f80000)
 Metaspace       used 85561K, capacity 88602K, committed 91160K, reserved 1128448K
  class space    used 11164K, capacity 11878K, committed 12320K, reserved 1048576K
}
Event: 26.134 GC heap before
{Heap before GC invocations=22 (full 5):
 PSYoungGen      total 252928K, used 215552K [0x00000000e0000000, 0x00000000f4080000, 0x0000000100000000)
  eden space 215552K, 100% used [0x00000000e0000000,0x00000000ed280000,0x00000000ed280000)
  from space 37376K, 0% used [0x00000000f1c00000,0x00000000f1c00000,0x00000000f4080000)
  to   space 25088K, 0% used [0x00000000ed280000,0x00000000ed280000,0x00000000eeb00000)
 ParOldGen       total 130560K, used 55900K [0x00000000a0000000, 0x00000000a7f80000, 0x00000000e0000000)
  object space 130560K, 42% used [0x00000000a0000000,0x00000000a3697290,0x00000000a7f80000)
 Metaspace       used 89368K, capacity 92894K, committed 94616K, reserved 1130496K
  class space    used 11700K, capacity 12444K, committed 12704K, reserved 1048576K
Event: 26.149 GC heap after
Heap after GC invocations=22 (full 5):
 PSYoungGen      total 240640K, used 24676K [0x00000000e0000000, 0x00000000f6b00000, 0x0000000100000000)
  eden space 215552K, 0% used [0x00000000e0000000,0x00000000e0000000,0x00000000ed280000)
  from space 25088K, 98% used [0x00000000ed280000,0x00000000eea99258,0x00000000eeb00000)
  to   space 66048K, 0% used [0x00000000f2a80000,0x00000000f2a80000,0x00000000f6b00000)
 ParOldGen       total 130560K, used 55908K [0x00000000a0000000, 0x00000000a7f80000, 0x00000000e0000000)
  object space 130560K, 42% used [0x00000000a0000000,0x00000000a3699290,0x00000000a7f80000)
 Metaspace       used 89368K, capacity 92894K, committed 94616K, reserved 1130496K
  class space    used 11700K, capacity 12444K, committed 12704K, reserved 1048576K
}

