# JRE version: OpenJDK Runtime Environment (8.0_212-b04) (build 1.8.0_212-release-1586-b04)
# Java VM: OpenJDK 64-Bit Server VM (25.212-b04 mixed mode windows-amd64 compressed oops)
Heap:
 PSYoungGen      total 253440K, used 218208K [0x00000000e0000000, 0x00000000f1500000, 0x0000000100000000)
  eden space 227840K, 84% used [0x00000000e0000000,0x00000000ebc1c690,0x00000000ede80000)
  from space 25600K, 99% used [0x00000000ede80000,0x00000000ef77bb78,0x00000000ef780000)
  to   space 20992K, 0% used [0x00000000ef780000,0x00000000ef780000,0x00000000f0c00000)
 ParOldGen       total 128000K, used 56240K [0x00000000a0000000, 0x00000000a7d00000, 0x00000000e0000000)
  object space 128000K, 43% used [0x00000000a0000000,0x00000000a36ec328,0x00000000a7d00000)
 Metaspace       used 75930K, capacity 81580K, committed 81688K, reserved 1120256K
  class space    used 10727K, capacity 11799K, committed 11808K, reserved 1048576K
GC Heap History (10 events):
Event: 6.584 GC heap before
{Heap before GC invocations=14 (full 2):
 PSYoungGen      total 166400K, used 34468K [0x00000000e0000000, 0x00000000ede00000, 0x0000000100000000)
  eden space 152064K, 13% used [0x00000000e0000000,0x00000000e13ade30,0x00000000e9480000)
  from space 14336K, 99% used [0x00000000e9480000,0x00000000ea27b478,0x00000000ea280000)
  to   space 19456K, 0% used [0x00000000ecb00000,0x00000000ecb00000,0x00000000ede00000)
 ParOldGen       total 87040K, used 28174K [0x00000000a0000000, 0x00000000a5500000, 0x00000000e0000000)
  object space 87040K, 32% used [0x00000000a0000000,0x00000000a1b83bc0,0x00000000a5500000)
 Metaspace       used 56749K, capacity 59062K, committed 59160K, reserved 1099776K
  class space    used 7829K, capacity 8404K, committed 8480K, reserved 1048576K
Event: 6.594 GC heap after
Heap after GC invocations=14 (full 2):
 PSYoungGen      total 207360K, used 1837K [0x00000000e0000000, 0x00000000ef180000, 0x0000000100000000)
  eden space 187904K, 0% used [0x00000000e0000000,0x00000000e0000000,0x00000000eb780000)
  from space 19456K, 9% used [0x00000000ecb00000,0x00000000ecccb5e0,0x00000000ede00000)
  to   space 19968K, 0% used [0x00000000eb780000,0x00000000eb780000,0x00000000ecb00000)
 ParOldGen       total 87040K, used 36164K [0x00000000a0000000, 0x00000000a5500000, 0x00000000e0000000)
  object space 87040K, 41% used [0x00000000a0000000,0x00000000a23511c0,0x00000000a5500000)
 Metaspace       used 56749K, capacity 59062K, committed 59160K, reserved 1099776K
  class space    used 7829K, capacity 8404K, committed 8480K, reserved 1048576K
}
Event: 6.594 GC heap before
{Heap before GC invocations=15 (full 3):
 PSYoungGen      total 207360K, used 1837K [0x00000000e0000000, 0x00000000ef180000, 0x0000000100000000)
  eden space 187904K, 0% used [0x00000000e0000000,0x00000000e0000000,0x00000000eb780000)
  from space 19456K, 9% used [0x00000000ecb00000,0x00000000ecccb5e0,0x00000000ede00000)
  to   space 19968K, 0% used [0x00000000eb780000,0x00000000eb780000,0x00000000ecb00000)
 ParOldGen       total 87040K, used 36164K [0x00000000a0000000, 0x00000000a5500000, 0x00000000e0000000)
  object space 87040K, 41% used [0x00000000a0000000,0x00000000a23511c0,0x00000000a5500000)
 Metaspace       used 56749K, capacity 59062K, committed 59160K, reserved 1099776K
  class space    used 7829K, capacity 8404K, committed 8480K, reserved 1048576K
Event: 6.768 GC heap after
Heap after GC invocations=15 (full 3):
 PSYoungGen      total 207360K, used 0K [0x00000000e0000000, 0x00000000ef180000, 0x0000000100000000)
  eden space 187904K, 0% used [0x00000000e0000000,0x00000000e0000000,0x00000000eb780000)
  from space 19456K, 0% used [0x00000000ecb00000,0x00000000ecb00000,0x00000000ede00000)
  to   space 19968K, 0% used [0x00000000eb780000,0x00000000eb780000,0x00000000ecb00000)
 ParOldGen       total 128000K, used 29875K [0x00000000a0000000, 0x00000000a7d00000, 0x00000000e0000000)
  object space 128000K, 23% used [0x00000000a0000000,0x00000000a1d2cef0,0x00000000a7d00000)
 Metaspace       used 56685K, capacity 58840K, committed 59160K, reserved 1099776K
  class space    used 7809K, capacity 8367K, committed 8480K, reserved 1048576K
}
Event: 7.922 GC heap before
{Heap before GC invocations=16 (full 3):
 PSYoungGen      total 207360K, used 187904K [0x00000000e0000000, 0x00000000ef180000, 0x0000000100000000)
  eden space 187904K, 100% used [0x00000000e0000000,0x00000000eb780000,0x00000000eb780000)
  from space 19456K, 0% used [0x00000000ecb00000,0x00000000ecb00000,0x00000000ede00000)
  to   space 19968K, 0% used [0x00000000eb780000,0x00000000eb780000,0x00000000ecb00000)
 ParOldGen       total 128000K, used 29875K [0x00000000a0000000, 0x00000000a7d00000, 0x00000000e0000000)
  object space 128000K, 23% used [0x00000000a0000000,0x00000000a1d2cef0,0x00000000a7d00000)
 Metaspace       used 61209K, capacity 65284K, committed 65432K, reserved 1105920K
  class space    used 8561K, capacity 9359K, committed 9376K, reserved 1048576K
Event: 7.935 GC heap after
Heap after GC invocations=16 (full 3):
 PSYoungGen      total 207872K, used 14784K [0x00000000e0000000, 0x00000000f0c00000, 0x0000000100000000)
  eden space 187904K, 0% used [0x00000000e0000000,0x00000000e0000000,0x00000000eb780000)
  from space 19968K, 74% used [0x00000000eb780000,0x00000000ec5f01c0,0x00000000ecb00000)
  to   space 20992K, 0% used [0x00000000ef780000,0x00000000ef780000,0x00000000f0c00000)
 ParOldGen       total 128000K, used 29883K [0x00000000a0000000, 0x00000000a7d00000, 0x00000000e0000000)
  object space 128000K, 23% used [0x00000000a0000000,0x00000000a1d2eef0,0x00000000a7d00000)
 Metaspace       used 61209K, capacity 65284K, committed 65432K, reserved 1105920K
  class space    used 8561K, capacity 9359K, committed 9376K, reserved 1048576K
}
Event: 8.812 GC heap before
{Heap before GC invocations=17 (full 3):
 PSYoungGen      total 207872K, used 202688K [0x00000000e0000000, 0x00000000f0c00000, 0x0000000100000000)
  eden space 187904K, 100% used [0x00000000e0000000,0x00000000eb780000,0x00000000eb780000)
  from space 19968K, 74% used [0x00000000eb780000,0x00000000ec5f01c0,0x00000000ecb00000)
  to   space 20992K, 0% used [0x00000000ef780000,0x00000000ef780000,0x00000000f0c00000)
 ParOldGen       total 128000K, used 29883K [0x00000000a0000000, 0x00000000a7d00000, 0x00000000e0000000)
  object space 128000K, 23% used [0x00000000a0000000,0x00000000a1d2eef0,0x00000000a7d00000)
 Metaspace       used 65917K, capacity 70186K, committed 70552K, reserved 1110016K
  class space    used 9205K, capacity 10032K, committed 10144K, reserved 1048576K
Event: 8.831 GC heap after
Heap after GC invocations=17 (full 3):
 PSYoungGen      total 248832K, used 20990K [0x00000000e0000000, 0x00000000f1500000, 0x0000000100000000)
  eden space 227840K, 0% used [0x00000000e0000000,0x00000000e0000000,0x00000000ede80000)
  from space 20992K, 99% used [0x00000000ef780000,0x00000000f0bff898,0x00000000f0c00000)
  to   space 25600K, 0% used [0x00000000ede80000,0x00000000ede80000,0x00000000ef780000)
 ParOldGen       total 128000K, used 34165K [0x00000000a0000000, 0x00000000a7d00000, 0x00000000e0000000)
  object space 128000K, 26% used [0x00000000a0000000,0x00000000a215d5d8,0x00000000a7d00000)
 Metaspace       used 65917K, capacity 70186K, committed 70552K, reserved 1110016K
  class space    used 9205K, capacity 10032K, committed 10144K, reserved 1048576K
}
Event: 9.650 GC heap before
{Heap before GC invocations=18 (full 3):
 PSYoungGen      total 248832K, used 248830K [0x00000000e0000000, 0x00000000f1500000, 0x0000000100000000)
  eden space 227840K, 100% used [0x00000000e0000000,0x00000000ede80000,0x00000000ede80000)
  from space 20992K, 99% used [0x00000000ef780000,0x00000000f0bff898,0x00000000f0c00000)
  to   space 25600K, 0% used [0x00000000ede80000,0x00000000ede80000,0x00000000ef780000)
 ParOldGen       total 128000K, used 34165K [0x00000000a0000000, 0x00000000a7d00000, 0x00000000e0000000)
  object space 128000K, 26% used [0x00000000a0000000,0x00000000a215d5d8,0x00000000a7d00000)
 Metaspace       used 74524K, capacity 79786K, committed 80024K, reserved 1118208K
  class space    used 10519K, capacity 11582K, committed 11680K, reserved 1048576K
Event: 9.683 GC heap after
Heap after GC invocations=18 (full 3):
 PSYoungGen      total 253440K, used 25582K [0x00000000e0000000, 0x00000000f1500000, 0x0000000100000000)
  eden space 227840K, 0% used [0x00000000e0000000,0x00000000e0000000,0x00000000ede80000)
  from space 25600K, 99% used [0x00000000ede80000,0x00000000ef77bb78,0x00000000ef780000)
  to   space 20992K, 0% used [0x00000000ef780000,0x00000000ef780000,0x00000000f0c00000)
 ParOldGen       total 128000K, used 56240K [0x00000000a0000000, 0x00000000a7d00000, 0x00000000e0000000)
  object space 128000K, 43% used [0x00000000a0000000,0x00000000a36ec328,0x00000000a7d00000)
 Metaspace       used 74524K, capacity 79786K, committed 80024K, reserved 1118208K
  class space    used 10519K, capacity 11582K, committed 11680K, reserved 1048576K
}

