# JRE version: OpenJDK Runtime Environment (8.0_212-b04) (build 1.8.0_212-release-1586-b04)
# Java VM: OpenJDK 64-Bit Server VM (25.212-b04 mixed mode windows-amd64 compressed oops)
Heap:
 PSYoungGen      total 123392K, used 52425K [0x00000000e0000000, 0x00000000ea500000, 0x0000000100000000)
  eden space 109056K, 48% used [0x00000000e0000000,0x00000000e33324b0,0x00000000e6a80000)
  from space 14336K, 0% used [0x00000000e6a80000,0x00000000e6a80000,0x00000000e7880000)
  to   space 13824K, 0% used [0x00000000e9780000,0x00000000e9780000,0x00000000ea500000)
 ParOldGen       total 138752K, used 30341K [0x00000000a0000000, 0x00000000a8780000, 0x00000000e0000000)
  object space 138752K, 21% used [0x00000000a0000000,0x00000000a1da14f0,0x00000000a8780000)
 Metaspace       used 58489K, capacity 60810K, committed 60952K, reserved 1101824K
  class space    used 8053K, capacity 8620K, committed 8736K, reserved 1048576K
Heap after GC invocations=14 (full 2):
 PSYoungGen      total 93696K, used 7860K [0x00000000e0000000, 0x00000000e6b80000, 0x0000000100000000)
  eden space 85504K, 0% used [0x00000000e0000000,0x00000000e0000000,0x00000000e5380000)
  from space 8192K, 95% used [0x00000000e6380000,0x00000000e6b2d068,0x00000000e6b80000)
  to   space 11264K, 0% used [0x00000000e5580000,0x00000000e5580000,0x00000000e6080000)
 ParOldGen       total 92672K, used 15069K [0x00000000a0000000, 0x00000000a5a80000, 0x00000000e0000000)
  object space 92672K, 16% used [0x00000000a0000000,0x00000000a0eb75d8,0x00000000a5a80000)
 Metaspace       used 39656K, capacity 41200K, committed 41512K, reserved 1085440K
  class space    used 5431K, capacity 5824K, committed 5936K, reserved 1048576K
Heap after GC invocations=15 (full 2):
 PSYoungGen      total 98816K, used 11259K [0x00000000e0000000, 0x00000000e8600000, 0x0000000100000000)
  eden space 87552K, 0% used [0x00000000e0000000,0x00000000e0000000,0x00000000e5580000)
  from space 11264K, 99% used [0x00000000e5580000,0x00000000e607eff8,0x00000000e6080000)
  to   space 13824K, 0% used [0x00000000e7880000,0x00000000e7880000,0x00000000e8600000)
 ParOldGen       total 92672K, used 19107K [0x00000000a0000000, 0x00000000a5a80000, 0x00000000e0000000)
  object space 92672K, 20% used [0x00000000a0000000,0x00000000a12a8c50,0x00000000a5a80000)
 Metaspace       used 47923K, capacity 49602K, committed 49832K, reserved 1091584K
  class space    used 6406K, capacity 6829K, committed 6832K, reserved 1048576K
Heap after GC invocations=16 (full 2):
 PSYoungGen      total 122880K, used 10231K [0x00000000e0000000, 0x00000000e8980000, 0x0000000100000000)
  eden space 109056K, 0% used [0x00000000e0000000,0x00000000e0000000,0x00000000e6a80000)
  from space 13824K, 74% used [0x00000000e7880000,0x00000000e827dfd0,0x00000000e8600000)
  to   space 14336K, 0% used [0x00000000e6a80000,0x00000000e6a80000,0x00000000e7880000)
 ParOldGen       total 92672K, used 28719K [0x00000000a0000000, 0x00000000a5a80000, 0x00000000e0000000)
  object space 92672K, 30% used [0x00000000a0000000,0x00000000a1c0bc38,0x00000000a5a80000)
 Metaspace       used 54662K, capacity 56910K, committed 57000K, reserved 1097728K
  class space    used 7500K, capacity 8028K, committed 8112K, reserved 1048576K
