# JRE version: OpenJDK Runtime Environment (8.0_212-b04) (build 1.8.0_212-release-1586-b04)
# Java VM: OpenJDK 64-Bit Server VM (25.212-b04 mixed mode windows-amd64 compressed oops)
Heap:
 PSYoungGen      total 361472K, used 244680K [0x00000000e0000000, 0x0000000100000000, 0x0000000100000000)
  eden space 291328K, 59% used [0x00000000e0000000,0x00000000eaa730e8,0x00000000f1c80000)
  from space 70144K, 99% used [0x00000000f8580000,0x00000000fc9ff110,0x00000000fca00000)
  to   space 107520K, 0% used [0x00000000f1c80000,0x00000000f1c80000,0x00000000f8580000)
 ParOldGen       total 270336K, used 185150K [0x00000000a0000000, 0x00000000b0800000, 0x00000000e0000000)
  object space 270336K, 68% used [0x00000000a0000000,0x00000000ab4cfb20,0x00000000b0800000)
 Metaspace       used 108592K, capacity 114144K, committed 114456K, reserved 1148928K
  class space    used 14161K, capacity 15331K, committed 15392K, reserved 1048576K
GC Heap History (10 events):
Event: 19.096 GC heap before
{Heap before GC invocations=20 (full 4):
 PSYoungGen      total 240128K, used 214528K [0x00000000e0000000, 0x00000000f6200000, 0x0000000100000000)
  eden space 214528K, 100% used [0x00000000e0000000,0x00000000ed180000,0x00000000ed180000)
  from space 25600K, 0% used [0x00000000ed180000,0x00000000ed180000,0x00000000eea80000)
  to   space 53248K, 0% used [0x00000000f2e00000,0x00000000f2e00000,0x00000000f6200000)
 ParOldGen       total 270336K, used 115028K [0x00000000a0000000, 0x00000000b0800000, 0x00000000e0000000)
  object space 270336K, 42% used [0x00000000a0000000,0x00000000a7055390,0x00000000b0800000)
 Metaspace       used 80595K, capacity 83478K, committed 85784K, reserved 1124352K
  class space    used 10715K, capacity 11398K, committed 11808K, reserved 1048576K
Event: 19.111 GC heap after
Heap after GC invocations=20 (full 4):
 PSYoungGen      total 310784K, used 19885K [0x00000000e0000000, 0x00000000f6080000, 0x0000000100000000)
  eden space 259072K, 0% used [0x00000000e0000000,0x00000000e0000000,0x00000000efd00000)
  from space 51712K, 38% used [0x00000000f2e00000,0x00000000f416b458,0x00000000f6080000)
  to   space 50176K, 0% used [0x00000000efd00000,0x00000000efd00000,0x00000000f2e00000)
 ParOldGen       total 270336K, used 115036K [0x00000000a0000000, 0x00000000b0800000, 0x00000000e0000000)
  object space 270336K, 42% used [0x00000000a0000000,0x00000000a7057390,0x00000000b0800000)
 Metaspace       used 80595K, capacity 83478K, committed 85784K, reserved 1124352K
  class space    used 10715K, capacity 11398K, committed 11808K, reserved 1048576K
}
Event: 20.944 GC heap before
{Heap before GC invocations=21 (full 4):
 PSYoungGen      total 310784K, used 278957K [0x00000000e0000000, 0x00000000f6080000, 0x0000000100000000)
  eden space 259072K, 100% used [0x00000000e0000000,0x00000000efd00000,0x00000000efd00000)
  from space 51712K, 38% used [0x00000000f2e00000,0x00000000f416b458,0x00000000f6080000)
  to   space 50176K, 0% used [0x00000000efd00000,0x00000000efd00000,0x00000000f2e00000)
 ParOldGen       total 270336K, used 115037K [0x00000000a0000000, 0x00000000b0800000, 0x00000000e0000000)
  object space 270336K, 42% used [0x00000000a0000000,0x00000000a70577d8,0x00000000b0800000)
 Metaspace       used 82824K, capacity 85862K, committed 88088K, reserved 1126400K
  class space    used 10920K, capacity 11610K, committed 12064K, reserved 1048576K
Event: 20.972 GC heap after
Heap after GC invocations=21 (full 4):
 PSYoungGen      total 309248K, used 43975K [0x00000000e0000000, 0x00000000f9000000, 0x0000000100000000)
  eden space 259072K, 0% used [0x00000000e0000000,0x00000000e0000000,0x00000000efd00000)
  from space 50176K, 87% used [0x00000000efd00000,0x00000000f27f1e50,0x00000000f2e00000)
  to   space 56320K, 0% used [0x00000000f5900000,0x00000000f5900000,0x00000000f9000000)
 ParOldGen       total 270336K, used 115045K [0x00000000a0000000, 0x00000000b0800000, 0x00000000e0000000)
  object space 270336K, 42% used [0x00000000a0000000,0x00000000a70597d8,0x00000000b0800000)
 Metaspace       used 82824K, capacity 85862K, committed 88088K, reserved 1126400K
  class space    used 10920K, capacity 11610K, committed 12064K, reserved 1048576K
}
Event: 22.519 GC heap before
{Heap before GC invocations=22 (full 4):
 PSYoungGen      total 309248K, used 303047K [0x00000000e0000000, 0x00000000f9000000, 0x0000000100000000)
  eden space 259072K, 100% used [0x00000000e0000000,0x00000000efd00000,0x00000000efd00000)
  from space 50176K, 87% used [0x00000000efd00000,0x00000000f27f1e50,0x00000000f2e00000)
  to   space 56320K, 0% used [0x00000000f5900000,0x00000000f5900000,0x00000000f9000000)
 ParOldGen       total 270336K, used 115049K [0x00000000a0000000, 0x00000000b0800000, 0x00000000e0000000)
  object space 270336K, 42% used [0x00000000a0000000,0x00000000a705a4e8,0x00000000b0800000)
 Metaspace       used 92919K, capacity 97626K, committed 97816K, reserved 1134592K
  class space    used 12499K, capacity 13578K, committed 13600K, reserved 1048576K
Event: 22.554 GC heap after
Heap after GC invocations=22 (full 4):
 PSYoungGen      total 346624K, used 48319K [0x00000000e0000000, 0x00000000fa080000, 0x0000000100000000)
  eden space 290304K, 0% used [0x00000000e0000000,0x00000000e0000000,0x00000000f1b80000)
  from space 56320K, 85% used [0x00000000f5900000,0x00000000f882ff80,0x00000000f9000000)
  to   space 62976K, 0% used [0x00000000f1b80000,0x00000000f1b80000,0x00000000f5900000)
 ParOldGen       total 270336K, used 115057K [0x00000000a0000000, 0x00000000b0800000, 0x00000000e0000000)
  object space 270336K, 42% used [0x00000000a0000000,0x00000000a705c4e8,0x00000000b0800000)
 Metaspace       used 92919K, capacity 97626K, committed 97816K, reserved 1134592K
  class space    used 12499K, capacity 13578K, committed 13600K, reserved 1048576K
}
Event: 1191.401 GC heap before
{Heap before GC invocations=23 (full 4):
 PSYoungGen      total 346624K, used 338623K [0x00000000e0000000, 0x00000000fa080000, 0x0000000100000000)
  eden space 290304K, 100% used [0x00000000e0000000,0x00000000f1b80000,0x00000000f1b80000)
  from space 56320K, 85% used [0x00000000f5900000,0x00000000f882ff80,0x00000000f9000000)
  to   space 62976K, 0% used [0x00000000f1b80000,0x00000000f1b80000,0x00000000f5900000)
 ParOldGen       total 270336K, used 115057K [0x00000000a0000000, 0x00000000b0800000, 0x00000000e0000000)
  object space 270336K, 42% used [0x00000000a0000000,0x00000000a705c4e8,0x00000000b0800000)
 Metaspace       used 101539K, capacity 106922K, committed 107032K, reserved 1142784K
  class space    used 13431K, capacity 14584K, committed 14624K, reserved 1048576K
Event: 1191.444 GC heap after
Heap after GC invocations=23 (full 4):
 PSYoungGen      total 353280K, used 53837K [0x00000000e0000000, 0x00000000fca00000, 0x0000000100000000)
  eden space 290304K, 0% used [0x00000000e0000000,0x00000000e0000000,0x00000000f1b80000)
  from space 62976K, 85% used [0x00000000f1b80000,0x00000000f5013438,0x00000000f5900000)
  to   space 70144K, 0% used [0x00000000f8580000,0x00000000f8580000,0x00000000fca00000)
 ParOldGen       total 270336K, used 115065K [0x00000000a0000000, 0x00000000b0800000, 0x00000000e0000000)
  object space 270336K, 42% used [0x00000000a0000000,0x00000000a705e4e8,0x00000000b0800000)
 Metaspace       used 101539K, capacity 106922K, committed 107032K, reserved 1142784K
  class space    used 13431K, capacity 14584K, committed 14624K, reserved 1048576K
}
Event: 1194.310 GC heap before
{Heap before GC invocations=24 (full 4):
 PSYoungGen      total 353280K, used 344141K [0x00000000e0000000, 0x00000000fca00000, 0x0000000100000000)
  eden space 290304K, 100% used [0x00000000e0000000,0x00000000f1b80000,0x00000000f1b80000)
  from space 62976K, 85% used [0x00000000f1b80000,0x00000000f5013438,0x00000000f5900000)
  to   space 70144K, 0% used [0x00000000f8580000,0x00000000f8580000,0x00000000fca00000)
 ParOldGen       total 270336K, used 115065K [0x00000000a0000000, 0x00000000b0800000, 0x00000000e0000000)
  object space 270336K, 42% used [0x00000000a0000000,0x00000000a705e4e8,0x00000000b0800000)
 Metaspace       used 108376K, capacity 113888K, committed 114200K, reserved 1148928K
  class space    used 14161K, capacity 15331K, committed 15392K, reserved 1048576K
Event: 1194.401 GC heap after
Heap after GC invocations=24 (full 4):
 PSYoungGen      total 361472K, used 70140K [0x00000000e0000000, 0x0000000100000000, 0x0000000100000000)
  eden space 291328K, 0% used [0x00000000e0000000,0x00000000e0000000,0x00000000f1c80000)
  from space 70144K, 99% used [0x00000000f8580000,0x00000000fc9ff110,0x00000000fca00000)
  to   space 107520K, 0% used [0x00000000f1c80000,0x00000000f1c80000,0x00000000f8580000)
 ParOldGen       total 270336K, used 185150K [0x00000000a0000000, 0x00000000b0800000, 0x00000000e0000000)
  object space 270336K, 68% used [0x00000000a0000000,0x00000000ab4cfb20,0x00000000b0800000)
 Metaspace       used 108376K, capacity 113888K, committed 114200K, reserved 1148928K
  class space    used 14161K, capacity 15331K, committed 15392K, reserved 1048576K
}

