# JRE version: OpenJDK Runtime Environment (8.0_212-b04) (build 1.8.0_212-release-1586-b04)
# Java VM: OpenJDK 64-Bit Server VM (25.212-b04 mixed mode windows-amd64 compressed oops)
Heap:
 PSYoungGen      total 219648K, used 89729K [0x00000000e0000000, 0x00000000f1300000, 0x0000000100000000)
  eden space 184320K, 41% used [0x00000000e0000000,0x00000000e4aa1708,0x00000000eb400000)
  from space 35328K, 37% used [0x00000000eb400000,0x00000000ec0fefd8,0x00000000ed680000)
  to   space 33280K, 0% used [0x00000000ef280000,0x00000000ef280000,0x00000000f1300000)
 ParOldGen       total 212480K, used 68131K [0x00000000a0000000, 0x00000000acf80000, 0x00000000e0000000)
  object space 212480K, 32% used [0x00000000a0000000,0x00000000a4288d80,0x00000000acf80000)
 Metaspace       used 77933K, capacity 80982K, committed 82300K, reserved 1120256K
  class space    used 10357K, capacity 11022K, committed 11388K, reserved 1048576K
GC Heap History (10 events):
Event: 93.141 GC heap before
{Heap before GC invocations=19 (full 3):
 PSYoungGen      total 140288K, used 140270K [0x00000000e0000000, 0x00000000ecb00000, 0x0000000100000000)
  eden space 119808K, 100% used [0x00000000e0000000,0x00000000e7500000,0x00000000e7500000)
  from space 20480K, 99% used [0x00000000e7500000,0x00000000e88fba78,0x00000000e8900000)
  to   space 24576K, 0% used [0x00000000eb300000,0x00000000eb300000,0x00000000ecb00000)
 ParOldGen       total 127488K, used 32811K [0x00000000a0000000, 0x00000000a7c80000, 0x00000000e0000000)
  object space 127488K, 25% used [0x00000000a0000000,0x00000000a200af30,0x00000000a7c80000)
 Metaspace       used 67784K, capacity 71742K, committed 71804K, reserved 1112064K
  class space    used 9280K, capacity 10064K, committed 10108K, reserved 1048576K
Event: 93.159 GC heap after
Heap after GC invocations=19 (full 3):
 PSYoungGen      total 180224K, used 23447K [0x00000000e0000000, 0x00000000ece80000, 0x0000000100000000)
  eden space 155648K, 0% used [0x00000000e0000000,0x00000000e0000000,0x00000000e9800000)
  from space 24576K, 95% used [0x00000000eb300000,0x00000000ec9e5e88,0x00000000ecb00000)
  to   space 27648K, 0% used [0x00000000e9800000,0x00000000e9800000,0x00000000eb300000)
 ParOldGen       total 127488K, used 40045K [0x00000000a0000000, 0x00000000a7c80000, 0x00000000e0000000)
  object space 127488K, 31% used [0x00000000a0000000,0x00000000a271b478,0x00000000a7c80000)
 Metaspace       used 67784K, capacity 71742K, committed 71804K, reserved 1112064K
  class space    used 9280K, capacity 10064K, committed 10108K, reserved 1048576K
}
Event: 95.390 GC heap before
{Heap before GC invocations=20 (full 3):
 PSYoungGen      total 180224K, used 130564K [0x00000000e0000000, 0x00000000ece80000, 0x0000000100000000)
  eden space 155648K, 68% used [0x00000000e0000000,0x00000000e689b4b0,0x00000000e9800000)
  from space 24576K, 95% used [0x00000000eb300000,0x00000000ec9e5e88,0x00000000ecb00000)
  to   space 27648K, 0% used [0x00000000e9800000,0x00000000e9800000,0x00000000eb300000)
 ParOldGen       total 127488K, used 40045K [0x00000000a0000000, 0x00000000a7c80000, 0x00000000e0000000)
  object space 127488K, 31% used [0x00000000a0000000,0x00000000a271b478,0x00000000a7c80000)
 Metaspace       used 69425K, capacity 73344K, committed 73380K, reserved 1112064K
  class space    used 9402K, capacity 10207K, committed 10236K, reserved 1048576K
Event: 95.410 GC heap after
Heap after GC invocations=20 (full 3):
 PSYoungGen      total 183296K, used 27641K [0x00000000e0000000, 0x00000000efb80000, 0x0000000100000000)
  eden space 155648K, 0% used [0x00000000e0000000,0x00000000e0000000,0x00000000e9800000)
  from space 27648K, 99% used [0x00000000e9800000,0x00000000eb2fe5b0,0x00000000eb300000)
  to   space 35840K, 0% used [0x00000000ed880000,0x00000000ed880000,0x00000000efb80000)
 ParOldGen       total 127488K, used 51363K [0x00000000a0000000, 0x00000000a7c80000, 0x00000000e0000000)
  object space 127488K, 40% used [0x00000000a0000000,0x00000000a3228f88,0x00000000a7c80000)
 Metaspace       used 69425K, capacity 73344K, committed 73380K, reserved 1112064K
  class space    used 9402K, capacity 10207K, committed 10236K, reserved 1048576K
}
Event: 95.410 GC heap before
{Heap before GC invocations=21 (full 4):
 PSYoungGen      total 183296K, used 27641K [0x00000000e0000000, 0x00000000efb80000, 0x0000000100000000)
  eden space 155648K, 0% used [0x00000000e0000000,0x00000000e0000000,0x00000000e9800000)
  from space 27648K, 99% used [0x00000000e9800000,0x00000000eb2fe5b0,0x00000000eb300000)
  to   space 35840K, 0% used [0x00000000ed880000,0x00000000ed880000,0x00000000efb80000)
 ParOldGen       total 127488K, used 51363K [0x00000000a0000000, 0x00000000a7c80000, 0x00000000e0000000)
  object space 127488K, 40% used [0x00000000a0000000,0x00000000a3228f88,0x00000000a7c80000)
 Metaspace       used 69425K, capacity 73344K, committed 73380K, reserved 1112064K
  class space    used 9402K, capacity 10207K, committed 10236K, reserved 1048576K
Event: 95.544 GC heap after
Heap after GC invocations=21 (full 4):
 PSYoungGen      total 183296K, used 0K [0x00000000e0000000, 0x00000000efb80000, 0x0000000100000000)
  eden space 155648K, 0% used [0x00000000e0000000,0x00000000e0000000,0x00000000e9800000)
  from space 27648K, 0% used [0x00000000e9800000,0x00000000e9800000,0x00000000eb300000)
  to   space 35840K, 0% used [0x00000000ed880000,0x00000000ed880000,0x00000000efb80000)
 ParOldGen       total 212480K, used 68115K [0x00000000a0000000, 0x00000000acf80000, 0x00000000e0000000)
  object space 212480K, 32% used [0x00000000a0000000,0x00000000a4284d80,0x00000000acf80000)
 Metaspace       used 68833K, capacity 71664K, committed 73380K, reserved 1112064K
  class space    used 9211K, capacity 9869K, committed 10236K, reserved 1048576K
}
Event: 97.594 GC heap before
{Heap before GC invocations=22 (full 4):
 PSYoungGen      total 183296K, used 155648K [0x00000000e0000000, 0x00000000efb80000, 0x0000000100000000)
  eden space 155648K, 100% used [0x00000000e0000000,0x00000000e9800000,0x00000000e9800000)
  from space 27648K, 0% used [0x00000000e9800000,0x00000000e9800000,0x00000000eb300000)
  to   space 35840K, 0% used [0x00000000ed880000,0x00000000ed880000,0x00000000efb80000)
 ParOldGen       total 212480K, used 68115K [0x00000000a0000000, 0x00000000acf80000, 0x00000000e0000000)
  object space 212480K, 32% used [0x00000000a0000000,0x00000000a4284d80,0x00000000acf80000)
 Metaspace       used 71821K, capacity 74840K, committed 76412K, reserved 1116160K
  class space    used 9599K, capacity 10307K, committed 10620K, reserved 1048576K
Event: 97.604 GC heap after
Heap after GC invocations=22 (full 4):
 PSYoungGen      total 217600K, used 6955K [0x00000000e0000000, 0x00000000ef900000, 0x0000000100000000)
  eden space 184320K, 0% used [0x00000000e0000000,0x00000000e0000000,0x00000000eb400000)
  from space 33280K, 20% used [0x00000000ed880000,0x00000000edf4af78,0x00000000ef900000)
  to   space 35328K, 0% used [0x00000000eb400000,0x00000000eb400000,0x00000000ed680000)
 ParOldGen       total 212480K, used 68123K [0x00000000a0000000, 0x00000000acf80000, 0x00000000e0000000)
  object space 212480K, 32% used [0x00000000a0000000,0x00000000a4286d80,0x00000000acf80000)
 Metaspace       used 71821K, capacity 74840K, committed 76412K, reserved 1116160K
  class space    used 9599K, capacity 10307K, committed 10620K, reserved 1048576K
}
Event: 99.587 GC heap before
{Heap before GC invocations=23 (full 4):
 PSYoungGen      total 217600K, used 191275K [0x00000000e0000000, 0x00000000ef900000, 0x0000000100000000)
  eden space 184320K, 100% used [0x00000000e0000000,0x00000000eb400000,0x00000000eb400000)
  from space 33280K, 20% used [0x00000000ed880000,0x00000000edf4af78,0x00000000ef900000)
  to   space 35328K, 0% used [0x00000000eb400000,0x00000000eb400000,0x00000000ed680000)
 ParOldGen       total 212480K, used 68123K [0x00000000a0000000, 0x00000000acf80000, 0x00000000e0000000)
  object space 212480K, 32% used [0x00000000a0000000,0x00000000a4286d80,0x00000000acf80000)
 Metaspace       used 77268K, capacity 80256K, committed 81660K, reserved 1120256K
  class space    used 10302K, capacity 10969K, committed 11260K, reserved 1048576K
Event: 99.594 GC heap after
Heap after GC invocations=23 (full 4):
 PSYoungGen      total 219648K, used 13307K [0x00000000e0000000, 0x00000000f1300000, 0x0000000100000000)
  eden space 184320K, 0% used [0x00000000e0000000,0x00000000e0000000,0x00000000eb400000)
  from space 35328K, 37% used [0x00000000eb400000,0x00000000ec0fefd8,0x00000000ed680000)
  to   space 33280K, 0% used [0x00000000ef280000,0x00000000ef280000,0x00000000f1300000)
 ParOldGen       total 212480K, used 68131K [0x00000000a0000000, 0x00000000acf80000, 0x00000000e0000000)
  object space 212480K, 32% used [0x00000000a0000000,0x00000000a4288d80,0x00000000acf80000)
 Metaspace       used 77268K, capacity 80256K, committed 81660K, reserved 1120256K
  class space    used 10302K, capacity 10969K, committed 11260K, reserved 1048576K
}

