# JRE version: OpenJDK Runtime Environment (8.0_212-b04) (build 1.8.0_212-release-1586-b04)
# Java VM: OpenJDK 64-Bit Server VM (25.212-b04 mixed mode windows-amd64 compressed oops)
Heap:
 PSYoungGen      total 187904K, used 155613K [0x00000000e0000000, 0x00000000ee780000, 0x0000000100000000)
  eden space 144896K, 77% used [0x00000000e0000000,0x00000000e6dff050,0x00000000e8d80000)
  from space 43008K, 99% used [0x00000000e8d80000,0x00000000eb778590,0x00000000eb780000)
  to   space 41984K, 0% used [0x00000000ebe80000,0x00000000ebe80000,0x00000000ee780000)
 ParOldGen       total 363520K, used 193678K [0x00000000a0000000, 0x00000000b6300000, 0x00000000e0000000)
  object space 363520K, 53% used [0x00000000a0000000,0x00000000abd23bb8,0x00000000b6300000)
 Metaspace       used 80108K, capacity 84448K, committed 87836K, reserved 1132544K
  class space    used 10856K, capacity 11717K, committed 12848K, reserved 1048576K
GC Heap History (10 events):
Event: 42.061 GC heap before
{Heap before GC invocations=66 (full 7):
 PSYoungGen      total 178176K, used 163791K [0x00000000e0000000, 0x00000000ed900000, 0x0000000100000000)
  eden space 137216K, 100% used [0x00000000e0000000,0x00000000e8600000,0x00000000e8600000)
  from space 40960K, 64% used [0x00000000eb100000,0x00000000ecaf3cd8,0x00000000ed900000)
  to   space 42496K, 0% used [0x00000000e8600000,0x00000000e8600000,0x00000000eaf80000)
 ParOldGen       total 363520K, used 123925K [0x00000000a0000000, 0x00000000b6300000, 0x00000000e0000000)
  object space 363520K, 34% used [0x00000000a0000000,0x00000000a79055d8,0x00000000b6300000)
 Metaspace       used 77676K, capacity 81722K, committed 85916K, reserved 1130496K
  class space    used 10625K, capacity 11468K, committed 12720K, reserved 1048576K
Event: 42.085 GC heap after
Heap after GC invocations=66 (full 7):
 PSYoungGen      total 179712K, used 32538K [0x00000000e0000000, 0x00000000ee100000, 0x0000000100000000)
  eden space 137216K, 0% used [0x00000000e0000000,0x00000000e0000000,0x00000000e8600000)
  from space 42496K, 76% used [0x00000000e8600000,0x00000000ea5c6940,0x00000000eaf80000)
  to   space 42496K, 0% used [0x00000000eb780000,0x00000000eb780000,0x00000000ee100000)
 ParOldGen       total 363520K, used 125177K [0x00000000a0000000, 0x00000000b6300000, 0x00000000e0000000)
  object space 363520K, 34% used [0x00000000a0000000,0x00000000a7a3e750,0x00000000b6300000)
 Metaspace       used 77676K, capacity 81722K, committed 85916K, reserved 1130496K
  class space    used 10625K, capacity 11468K, committed 12720K, reserved 1048576K
}
Event: 42.242 GC heap before
{Heap before GC invocations=67 (full 7):
 PSYoungGen      total 179712K, used 169754K [0x00000000e0000000, 0x00000000ee100000, 0x0000000100000000)
  eden space 137216K, 100% used [0x00000000e0000000,0x00000000e8600000,0x00000000e8600000)
  from space 42496K, 76% used [0x00000000e8600000,0x00000000ea5c6940,0x00000000eaf80000)
  to   space 42496K, 0% used [0x00000000eb780000,0x00000000eb780000,0x00000000ee100000)
 ParOldGen       total 363520K, used 125177K [0x00000000a0000000, 0x00000000b6300000, 0x00000000e0000000)
  object space 363520K, 34% used [0x00000000a0000000,0x00000000a7a3e750,0x00000000b6300000)
 Metaspace       used 78027K, capacity 82188K, committed 85916K, reserved 1130496K
  class space    used 10673K, capacity 11529K, committed 12720K, reserved 1048576K
Event: 42.266 GC heap after
Heap after GC invocations=67 (full 7):
 PSYoungGen      total 187392K, used 33539K [0x00000000e0000000, 0x00000000ee200000, 0x0000000100000000)
  eden space 144896K, 0% used [0x00000000e0000000,0x00000000e0000000,0x00000000e8d80000)
  from space 42496K, 78% used [0x00000000eb780000,0x00000000ed840c70,0x00000000ee100000)
  to   space 43008K, 0% used [0x00000000e8d80000,0x00000000e8d80000,0x00000000eb780000)
 ParOldGen       total 363520K, used 127051K [0x00000000a0000000, 0x00000000b6300000, 0x00000000e0000000)
  object space 363520K, 34% used [0x00000000a0000000,0x00000000a7c12c70,0x00000000b6300000)
 Metaspace       used 78027K, capacity 82188K, committed 85916K, reserved 1130496K
  class space    used 10673K, capacity 11529K, committed 12720K, reserved 1048576K
}
Event: 42.571 GC heap before
{Heap before GC invocations=68 (full 7):
 PSYoungGen      total 187392K, used 178435K [0x00000000e0000000, 0x00000000ee200000, 0x0000000100000000)
  eden space 144896K, 100% used [0x00000000e0000000,0x00000000e8d80000,0x00000000e8d80000)
  from space 42496K, 78% used [0x00000000eb780000,0x00000000ed840c70,0x00000000ee100000)
  to   space 43008K, 0% used [0x00000000e8d80000,0x00000000e8d80000,0x00000000eb780000)
 ParOldGen       total 363520K, used 127051K [0x00000000a0000000, 0x00000000b6300000, 0x00000000e0000000)
  object space 363520K, 34% used [0x00000000a0000000,0x00000000a7c12c70,0x00000000b6300000)
 Metaspace       used 78293K, capacity 82508K, committed 86172K, reserved 1130496K
  class space    used 10681K, capacity 11537K, committed 12720K, reserved 1048576K
Event: 42.589 GC heap after
Heap after GC invocations=68 (full 7):
 PSYoungGen      total 187904K, used 25904K [0x00000000e0000000, 0x00000000ee780000, 0x0000000100000000)
  eden space 144896K, 0% used [0x00000000e0000000,0x00000000e0000000,0x00000000e8d80000)
  from space 43008K, 60% used [0x00000000e8d80000,0x00000000ea6cc360,0x00000000eb780000)
  to   space 41984K, 0% used [0x00000000ebe80000,0x00000000ebe80000,0x00000000ee780000)
 ParOldGen       total 363520K, used 128094K [0x00000000a0000000, 0x00000000b6300000, 0x00000000e0000000)
  object space 363520K, 35% used [0x00000000a0000000,0x00000000a7d17b78,0x00000000b6300000)
 Metaspace       used 78293K, capacity 82508K, committed 86172K, reserved 1130496K
  class space    used 10681K, capacity 11537K, committed 12720K, reserved 1048576K
}
Event: 43.254 GC heap before
{Heap before GC invocations=69 (full 7):
 PSYoungGen      total 187904K, used 170800K [0x00000000e0000000, 0x00000000ee780000, 0x0000000100000000)
  eden space 144896K, 100% used [0x00000000e0000000,0x00000000e8d80000,0x00000000e8d80000)
  from space 43008K, 60% used [0x00000000e8d80000,0x00000000ea6cc360,0x00000000eb780000)
  to   space 41984K, 0% used [0x00000000ebe80000,0x00000000ebe80000,0x00000000ee780000)
 ParOldGen       total 363520K, used 128094K [0x00000000a0000000, 0x00000000b6300000, 0x00000000e0000000)
  object space 363520K, 35% used [0x00000000a0000000,0x00000000a7d17b78,0x00000000b6300000)
 Metaspace       used 78587K, capacity 82774K, committed 86428K, reserved 1130496K
  class space    used 10682K, capacity 11538K, committed 12720K, reserved 1048576K
Event: 43.302 GC heap after
Heap after GC invocations=69 (full 7):
 PSYoungGen      total 186880K, used 41973K [0x00000000e0000000, 0x00000000ee780000, 0x0000000100000000)
  eden space 144896K, 0% used [0x00000000e0000000,0x00000000e0000000,0x00000000e8d80000)
  from space 41984K, 99% used [0x00000000ebe80000,0x00000000ee77d7a0,0x00000000ee780000)
  to   space 43008K, 0% used [0x00000000e8d80000,0x00000000e8d80000,0x00000000eb780000)
 ParOldGen       total 363520K, used 158415K [0x00000000a0000000, 0x00000000b6300000, 0x00000000e0000000)
  object space 363520K, 43% used [0x00000000a0000000,0x00000000a9ab3ff0,0x00000000b6300000)
 Metaspace       used 78587K, capacity 82774K, committed 86428K, reserved 1130496K
  class space    used 10682K, capacity 11538K, committed 12720K, reserved 1048576K
}
Event: 43.955 GC heap before
{Heap before GC invocations=70 (full 7):
 PSYoungGen      total 186880K, used 186869K [0x00000000e0000000, 0x00000000ee780000, 0x0000000100000000)
  eden space 144896K, 100% used [0x00000000e0000000,0x00000000e8d80000,0x00000000e8d80000)
  from space 41984K, 99% used [0x00000000ebe80000,0x00000000ee77d7a0,0x00000000ee780000)
  to   space 43008K, 0% used [0x00000000e8d80000,0x00000000e8d80000,0x00000000eb780000)
 ParOldGen       total 363520K, used 158415K [0x00000000a0000000, 0x00000000b6300000, 0x00000000e0000000)
  object space 363520K, 43% used [0x00000000a0000000,0x00000000a9ab3ff0,0x00000000b6300000)
 Metaspace       used 78970K, capacity 83260K, committed 86940K, reserved 1130496K
  class space    used 10720K, capacity 11603K, committed 12720K, reserved 1048576K
Event: 44.012 GC heap after
Heap after GC invocations=70 (full 7):
 PSYoungGen      total 187904K, used 42977K [0x00000000e0000000, 0x00000000ee780000, 0x0000000100000000)
  eden space 144896K, 0% used [0x00000000e0000000,0x00000000e0000000,0x00000000e8d80000)
  from space 43008K, 99% used [0x00000000e8d80000,0x00000000eb778590,0x00000000eb780000)
  to   space 41984K, 0% used [0x00000000ebe80000,0x00000000ebe80000,0x00000000ee780000)
 ParOldGen       total 363520K, used 193678K [0x00000000a0000000, 0x00000000b6300000, 0x00000000e0000000)
  object space 363520K, 53% used [0x00000000a0000000,0x00000000abd23bb8,0x00000000b6300000)
 Metaspace       used 78970K, capacity 83260K, committed 86940K, reserved 1130496K
  class space    used 10720K, capacity 11603K, committed 12720K, reserved 1048576K
}

